c:\users\baohao\onedrive\문서\카카오톡 받은 파일\팀과제~1\frame125\debug\frame125.pch
c:\users\baohao\onedrive\문서\카카오톡 받은 파일\팀과제~1\frame125\debug\vc140.pdb
c:\users\baohao\onedrive\문서\카카오톡 받은 파일\팀과제~1\frame125\debug\vc140.idb
c:\users\baohao\onedrive\문서\카카오톡 받은 파일\팀과제~1\frame125\debug\stdafx.obj
c:\users\baohao\onedrive\문서\카카오톡 받은 파일\팀과제~1\frame125\debug\bullet3.obj
c:\users\baohao\onedrive\문서\카카오톡 받은 파일\팀과제~1\frame125\debug\bullet4.obj
c:\users\baohao\onedrive\문서\카카오톡 받은 파일\팀과제~1\frame125\debug\bullet5.obj
c:\users\baohao\onedrive\문서\카카오톡 받은 파일\팀과제~1\frame125\debug\mhmonster2.obj
c:\users\baohao\onedrive\문서\카카오톡 받은 파일\팀과제~1\frame125\debug\mhmonster3.obj
c:\users\baohao\onedrive\문서\카카오톡 받은 파일\팀과제~1\frame125\debug\boss.obj
c:\users\baohao\onedrive\문서\카카오톡 받은 파일\팀과제~1\frame125\debug\bullet.obj
c:\users\baohao\onedrive\문서\카카오톡 받은 파일\팀과제~1\frame125\debug\collisionmgr.obj
c:\users\baohao\onedrive\문서\카카오톡 받은 파일\팀과제~1\frame125\debug\frame125.obj
c:\users\baohao\onedrive\문서\카카오톡 받은 파일\팀과제~1\frame125\debug\hack.obj
c:\users\baohao\onedrive\문서\카카오톡 받은 파일\팀과제~1\frame125\debug\maingame.obj
c:\users\baohao\onedrive\문서\카카오톡 받은 파일\팀과제~1\frame125\debug\myobjmgr.obj
c:\users\baohao\onedrive\문서\카카오톡 받은 파일\팀과제~1\frame125\debug\obj.obj
c:\users\baohao\onedrive\문서\카카오톡 받은 파일\팀과제~1\frame125\debug\razer.obj
c:\users\baohao\onedrive\문서\카카오톡 받은 파일\팀과제~1\frame125\debug\scene.obj
c:\users\baohao\onedrive\문서\카카오톡 받은 파일\팀과제~1\frame125\debug\scenemgr.obj
c:\users\baohao\onedrive\문서\카카오톡 받은 파일\팀과제~1\frame125\debug\stage1.obj
c:\users\baohao\onedrive\문서\카카오톡 받은 파일\팀과제~1\frame125\debug\stage2.obj
c:\users\baohao\onedrive\문서\카카오톡 받은 파일\팀과제~1\frame125\debug\start.obj
c:\users\baohao\onedrive\문서\카카오톡 받은 파일\팀과제~1\frame125\debug\frame125.tlog\cl.command.1.tlog
c:\users\baohao\onedrive\문서\카카오톡 받은 파일\팀과제~1\frame125\debug\frame125.tlog\cl.read.1.tlog
c:\users\baohao\onedrive\문서\카카오톡 받은 파일\팀과제~1\frame125\debug\frame125.tlog\cl.write.1.tlog
